{
  "RSpec": {
    "coverage": {
      "/home/thalyta/cade-buffet/app/models/customer.rb": {
        "lines": [
          1,
          1,
          1,
          null,
          null,
          null,
          1,
          null,
          null,
          1,
          1,
          1,
          null,
          1,
          null,
          1,
          62,
          5,
          null,
          57,
          null,
          null,
          null
        ]
      },
      "/home/thalyta/cade-buffet/app/models/application_record.rb": {
        "lines": [
          1,
          1,
          null
        ]
      },
      "/home/thalyta/cade-buffet/app/models/admin.rb": {
        "lines": [
          1,
          null,
          null,
          1,
          null,
          1,
          null
        ]
      },
      "/home/thalyta/cade-buffet/app/helpers/application_helper.rb": {
        "lines": [
          1,
          null
        ]
      },
      "/home/thalyta/cade-buffet/app/models/buffet_payment_method.rb": {
        "lines": [
          1,
          1,
          1,
          null
        ]
      },
      "/home/thalyta/cade-buffet/app/models/buffet_photo.rb": {
        "lines": [
          1,
          1,
          1,
          null
        ]
      },
      "/home/thalyta/cade-buffet/app/models/buffet.rb": {
        "lines": [
          1,
          1,
          1,
          1,
          1,
          1,
          1,
          1,
          1,
          1,
          null,
          1,
          1,
          null,
          1,
          null,
          1,
          48,
          null,
          null,
          1,
          46,
          null,
          null,
          1,
          7,
          7,
          null,
          null,
          1,
          null,
          1,
          158,
          28,
          null,
          130,
          null,
          null,
          null
        ]
      },
      "/home/thalyta/cade-buffet/app/models/event.rb": {
        "lines": [
          1,
          1,
          1,
          1,
          1,
          null,
          1,
          1,
          1,
          null,
          1,
          null,
          1,
          null,
          1,
          11,
          null,
          null,
          1,
          35,
          17,
          2,
          null,
          17,
          2,
          null,
          null,
          null,
          null
        ]
      },
      "/home/thalyta/cade-buffet/app/models/event_type.rb": {
        "lines": [
          1,
          1,
          1,
          1,
          1,
          null,
          null,
          1,
          null,
          125,
          null
        ]
      },
      "/home/thalyta/cade-buffet/app/models/order.rb": {
        "lines": [
          1,
          1,
          1,
          1,
          1,
          null,
          1,
          null,
          1,
          70,
          1,
          null,
          1,
          1,
          1,
          null,
          1,
          null,
          1,
          3,
          1,
          null,
          null,
          null,
          1,
          69,
          52,
          52,
          2,
          null,
          50,
          null,
          null,
          null,
          null,
          1,
          61,
          null,
          null,
          1,
          69,
          1,
          null,
          null,
          null,
          1,
          69,
          2,
          null,
          null,
          null
        ]
      },
      "/home/thalyta/cade-buffet/app/models/payment_method.rb": {
        "lines": [
          1,
          1,
          null
        ]
      },
      "/home/thalyta/cade-buffet/app/models/photo.rb": {
        "lines": [
          1,
          1,
          null
        ]
      },
      "/home/thalyta/cade-buffet/app/controllers/api/v1/event_types_controller.rb": {
        "lines": [
          1,
          1,
          4,
          2,
          null,
          null,
          1,
          4,
          3,
          3,
          3,
          2,
          2,
          2,
          2,
          null,
          1,
          null,
          null,
          null
        ]
      },
      "/home/thalyta/cade-buffet/app/controllers/api/v1/api_controller.rb": {
        "lines": [
          1,
          1,
          1,
          null,
          1,
          null,
          1,
          2,
          null,
          null,
          1,
          5,
          null,
          null
        ]
      },
      "/home/thalyta/cade-buffet/app/controllers/api/v1/buffets_controller.rb": {
        "lines": [
          1,
          1,
          6,
          3,
          null,
          3,
          null,
          4,
          null,
          null,
          1,
          3,
          1,
          null,
          null,
          null
        ]
      },
      "/home/thalyta/cade-buffet/app/controllers/buffets_controller.rb": {
        "lines": [
          1,
          1,
          1,
          1,
          1,
          1,
          null,
          1,
          12,
          12,
          null,
          null,
          1,
          2,
          2,
          1,
          null,
          1,
          1,
          1,
          1,
          null,
          null,
          null,
          1,
          45,
          45,
          null,
          null,
          1,
          4,
          null,
          null,
          1,
          2,
          1,
          null,
          1,
          1,
          1,
          null,
          null,
          null,
          1,
          5,
          5,
          null,
          null,
          1,
          10,
          2,
          null,
          8,
          8,
          8,
          8,
          8,
          null,
          null,
          null,
          1,
          null,
          1,
          16,
          2,
          null,
          null,
          null,
          1,
          4,
          null,
          null,
          null,
          null,
          1,
          63,
          null,
          null,
          1,
          8,
          8,
          2,
          null,
          null,
          null,
          1,
          32,
          4,
          null,
          null,
          null
        ]
      },
      "/home/thalyta/cade-buffet/app/controllers/application_controller.rb": {
        "lines": [
          1,
          1,
          null,
          1,
          null,
          1,
          265,
          12,
          null,
          null,
          null
        ]
      },
      "/home/thalyta/cade-buffet/app/controllers/events_controller.rb": {
        "lines": [
          1,
          1,
          1,
          1,
          null,
          1,
          3,
          1,
          null,
          2,
          2,
          null,
          null,
          null,
          1,
          3,
          2,
          2,
          1,
          1,
          null,
          1,
          1,
          1,
          null,
          null,
          1,
          null,
          null,
          null,
          1,
          4,
          null,
          null,
          1,
          2,
          1,
          1,
          null,
          1,
          null,
          null,
          null,
          1,
          null,
          1,
          2,
          null,
          null,
          null,
          null,
          1,
          15,
          15,
          null,
          null
        ]
      },
      "/home/thalyta/cade-buffet/app/controllers/event_types_controller.rb": {
        "lines": [
          1,
          1,
          1,
          1,
          null,
          1,
          3,
          null,
          null,
          1,
          2,
          2,
          2,
          1,
          null,
          1,
          1,
          null,
          null,
          null,
          1,
          null,
          1,
          2,
          1,
          null,
          1,
          1,
          null,
          null,
          null,
          1,
          null,
          1,
          12,
          null,
          null,
          1,
          6,
          6,
          2,
          null,
          null,
          null,
          1,
          4,
          null,
          null,
          null,
          null,
          null
        ]
      },
      "/home/thalyta/cade-buffet/app/controllers/orders_controller.rb": {
        "lines": [
          1,
          1,
          1,
          1,
          null,
          1,
          5,
          null,
          null,
          1,
          3,
          3,
          3,
          3,
          3,
          1,
          null,
          3,
          2,
          null,
          1,
          1,
          null,
          null,
          null,
          1,
          12,
          3,
          null,
          null,
          null,
          1,
          3,
          2,
          null,
          1,
          1,
          null,
          null,
          null,
          1,
          4,
          2,
          null,
          2,
          null,
          null,
          null,
          1,
          null,
          1,
          19,
          null,
          null,
          1,
          27,
          null,
          null,
          1,
          3,
          null,
          null
        ]
      },
      "/home/thalyta/cade-buffet/app/controllers/home_controller.rb": {
        "lines": [
          1,
          1,
          null,
          1,
          49,
          null,
          null,
          1,
          70,
          21,
          null,
          null,
          null,
          1,
          49,
          49,
          1,
          null,
          null,
          null
        ]
      },
      "/home/thalyta/cade-buffet/app/controllers/customers/registrations_controller.rb": {
        "lines": [
          null,
          null,
          1,
          1,
          null,
          null,
          null,
          null,
          null,
          null,
          null,
          null,
          null,
          null,
          null,
          null,
          null,
          null,
          null,
          null,
          null,
          null,
          null,
          null,
          null,
          null,
          null,
          null,
          null,
          null,
          null,
          null,
          null,
          null,
          null,
          null,
          null,
          null,
          null,
          null,
          1,
          null,
          null,
          1,
          1,
          null,
          null,
          null,
          null,
          null,
          null,
          null,
          null,
          null,
          null,
          null,
          null,
          null,
          null,
          null,
          null,
          null
        ]
      },
      "/home/thalyta/cade-buffet/app/controllers/customers_controller.rb": {
        "lines": [
          1,
          1,
          8,
          8,
          2,
          null,
          8,
          8,
          8,
          8,
          8,
          null,
          null
        ]
      }
    },
    "timestamp": 1718664296
  }
}
